{"C:\\Users\\luksj\\Desktop\\Programavimas\\projects\\weathyy\\VanillaJS_Weather-app\\scripts\\helper-functions.script.js": {"path":"C:\\Users\\luksj\\Desktop\\Programavimas\\projects\\weathyy\\VanillaJS_Weather-app\\scripts\\helper-functions.script.js","statementMap":{"0":{"start":{"line":1,"column":51},"end":{"line":97,"column":1}},"1":{"start":{"line":5,"column":18},"end":{"line":8,"column":3}},"2":{"start":{"line":10,"column":2},"end":{"line":95,"column":3}},"3":{"start":{"line":12,"column":6},"end":{"line":13,"column":80}},"4":{"start":{"line":14,"column":6},"end":{"line":14,"column":43}},"5":{"start":{"line":15,"column":6},"end":{"line":15,"column":12}},"6":{"start":{"line":17,"column":6},"end":{"line":18,"column":80}},"7":{"start":{"line":19,"column":6},"end":{"line":19,"column":50}},"8":{"start":{"line":20,"column":6},"end":{"line":20,"column":12}},"9":{"start":{"line":23,"column":6},"end":{"line":26,"column":36}},"10":{"start":{"line":27,"column":6},"end":{"line":27,"column":44}},"11":{"start":{"line":28,"column":6},"end":{"line":28,"column":12}},"12":{"start":{"line":31,"column":6},"end":{"line":32,"column":78}},"13":{"start":{"line":33,"column":6},"end":{"line":33,"column":44}},"14":{"start":{"line":34,"column":6},"end":{"line":34,"column":12}},"15":{"start":{"line":36,"column":6},"end":{"line":37,"column":78}},"16":{"start":{"line":38,"column":6},"end":{"line":38,"column":47}},"17":{"start":{"line":39,"column":6},"end":{"line":39,"column":12}},"18":{"start":{"line":42,"column":6},"end":{"line":43,"column":78}},"19":{"start":{"line":44,"column":6},"end":{"line":44,"column":44}},"20":{"start":{"line":45,"column":6},"end":{"line":45,"column":12}},"21":{"start":{"line":49,"column":6},"end":{"line":50,"column":78}},"22":{"start":{"line":51,"column":6},"end":{"line":51,"column":41}},"23":{"start":{"line":52,"column":6},"end":{"line":52,"column":12}},"24":{"start":{"line":55,"column":6},"end":{"line":56,"column":78}},"25":{"start":{"line":57,"column":6},"end":{"line":57,"column":44}},"26":{"start":{"line":58,"column":6},"end":{"line":58,"column":12}},"27":{"start":{"line":62,"column":6},"end":{"line":63,"column":78}},"28":{"start":{"line":64,"column":6},"end":{"line":64,"column":41}},"29":{"start":{"line":65,"column":6},"end":{"line":65,"column":12}},"30":{"start":{"line":69,"column":6},"end":{"line":70,"column":78}},"31":{"start":{"line":71,"column":6},"end":{"line":71,"column":41}},"32":{"start":{"line":72,"column":6},"end":{"line":72,"column":12}},"33":{"start":{"line":74,"column":6},"end":{"line":75,"column":78}},"34":{"start":{"line":76,"column":6},"end":{"line":76,"column":44}},"35":{"start":{"line":77,"column":6},"end":{"line":77,"column":12}},"36":{"start":{"line":80,"column":6},"end":{"line":81,"column":78}},"37":{"start":{"line":82,"column":6},"end":{"line":82,"column":41}},"38":{"start":{"line":83,"column":6},"end":{"line":83,"column":12}},"39":{"start":{"line":87,"column":6},"end":{"line":88,"column":80}},"40":{"start":{"line":89,"column":6},"end":{"line":89,"column":36}},"41":{"start":{"line":90,"column":6},"end":{"line":90,"column":12}},"42":{"start":{"line":92,"column":6},"end":{"line":93,"column":80}},"43":{"start":{"line":94,"column":6},"end":{"line":94,"column":62}},"44":{"start":{"line":96,"column":2},"end":{"line":96,"column":17}},"45":{"start":{"line":99,"column":31},"end":{"line":143,"column":1}},"46":{"start":{"line":102,"column":2},"end":{"line":141,"column":3}},"47":{"start":{"line":105,"column":6},"end":{"line":105,"column":2870}},"48":{"start":{"line":106,"column":6},"end":{"line":106,"column":12}},"49":{"start":{"line":109,"column":6},"end":{"line":109,"column":3057}},"50":{"start":{"line":110,"column":6},"end":{"line":110,"column":12}},"51":{"start":{"line":124,"column":6},"end":{"line":124,"column":3550}},"52":{"start":{"line":125,"column":6},"end":{"line":125,"column":12}},"53":{"start":{"line":132,"column":6},"end":{"line":132,"column":3474}},"54":{"start":{"line":133,"column":6},"end":{"line":133,"column":12}},"55":{"start":{"line":137,"column":6},"end":{"line":137,"column":2365}},"56":{"start":{"line":138,"column":6},"end":{"line":138,"column":12}},"57":{"start":{"line":140,"column":6},"end":{"line":140,"column":2870}},"58":{"start":{"line":142,"column":2},"end":{"line":142,"column":18}},"59":{"start":{"line":145,"column":37},"end":{"line":153,"column":1}},"60":{"start":{"line":146,"column":2},"end":{"line":146,"column":51}},"61":{"start":{"line":146,"column":44},"end":{"line":146,"column":51}},"62":{"start":{"line":147,"column":19},"end":{"line":147,"column":21}},"63":{"start":{"line":148,"column":2},"end":{"line":151,"column":5}},"64":{"start":{"line":149,"column":25},"end":{"line":149,"column":47}},"65":{"start":{"line":150,"column":4},"end":{"line":150,"column":35}},"66":{"start":{"line":152,"column":2},"end":{"line":152,"column":18}},"67":{"start":{"line":155,"column":50},"end":{"line":169,"column":1}},"68":{"start":{"line":161,"column":4},"end":{"line":161,"column":68}},"69":{"start":{"line":162,"column":37},"end":{"line":164,"column":3}},"70":{"start":{"line":165,"column":2},"end":{"line":166,"column":64}},"71":{"start":{"line":168,"column":2},"end":{"line":168,"column":58}},"72":{"start":{"line":171,"column":29},"end":{"line":185,"column":1}},"73":{"start":{"line":172,"column":27},"end":{"line":172,"column":51}},"74":{"start":{"line":173,"column":17},"end":{"line":173,"column":52}},"75":{"start":{"line":174,"column":2},"end":{"line":176,"column":3}},"76":{"start":{"line":175,"column":4},"end":{"line":175,"column":37}},"77":{"start":{"line":177,"column":2},"end":{"line":179,"column":3}},"78":{"start":{"line":178,"column":4},"end":{"line":178,"column":36}},"79":{"start":{"line":180,"column":2},"end":{"line":182,"column":3}},"80":{"start":{"line":181,"column":4},"end":{"line":181,"column":37}},"81":{"start":{"line":183,"column":20},"end":{"line":183,"column":53}},"82":{"start":{"line":184,"column":2},"end":{"line":184,"column":45}},"83":{"start":{"line":187,"column":37},"end":{"line":203,"column":1}},"84":{"start":{"line":188,"column":25},"end":{"line":188,"column":50}},"85":{"start":{"line":189,"column":27},"end":{"line":189,"column":42}},"86":{"start":{"line":190,"column":2},"end":{"line":196,"column":3}},"87":{"start":{"line":191,"column":4},"end":{"line":193,"column":5}},"88":{"start":{"line":192,"column":6},"end":{"line":192,"column":29}},"89":{"start":{"line":194,"column":27},"end":{"line":194,"column":59}},"90":{"start":{"line":195,"column":4},"end":{"line":195,"column":42}},"91":{"start":{"line":197,"column":2},"end":{"line":202,"column":3}},"92":{"start":{"line":198,"column":4},"end":{"line":200,"column":5}},"93":{"start":{"line":199,"column":6},"end":{"line":199,"column":29}},"94":{"start":{"line":201,"column":4},"end":{"line":201,"column":61}},"95":{"start":{"line":205,"column":35},"end":{"line":207,"column":1}},"96":{"start":{"line":206,"column":2},"end":{"line":206,"column":68}},"97":{"start":{"line":209,"column":32},"end":{"line":211,"column":1}},"98":{"start":{"line":210,"column":2},"end":{"line":210,"column":60}},"99":{"start":{"line":213,"column":40},"end":{"line":237,"column":1}},"100":{"start":{"line":214,"column":27},"end":{"line":214,"column":29}},"101":{"start":{"line":215,"column":28},"end":{"line":215,"column":29}},"102":{"start":{"line":216,"column":2},"end":{"line":228,"column":3}},"103":{"start":{"line":216,"column":15},"end":{"line":216,"column":17}},"104":{"start":{"line":217,"column":4},"end":{"line":227,"column":5}},"105":{"start":{"line":218,"column":24},"end":{"line":224,"column":7}},"106":{"start":{"line":225,"column":6},"end":{"line":225,"column":39}},"107":{"start":{"line":226,"column":6},"end":{"line":226,"column":28}},"108":{"start":{"line":229,"column":25},"end":{"line":229,"column":27}},"109":{"start":{"line":230,"column":20},"end":{"line":230,"column":30}},"110":{"start":{"line":233,"column":2},"end":{"line":235,"column":3}},"111":{"start":{"line":233,"column":15},"end":{"line":233,"column":16}},"112":{"start":{"line":234,"column":4},"end":{"line":234,"column":55}},"113":{"start":{"line":236,"column":2},"end":{"line":236,"column":24}},"114":{"start":{"line":239,"column":31},"end":{"line":243,"column":1}},"115":{"start":{"line":240,"column":2},"end":{"line":240,"column":37}},"116":{"start":{"line":241,"column":2},"end":{"line":241,"column":39}},"117":{"start":{"line":242,"column":2},"end":{"line":242,"column":39}},"118":{"start":{"line":245,"column":32},"end":{"line":256,"column":1}},"119":{"start":{"line":250,"column":24},"end":{"line":254,"column":3}},"120":{"start":{"line":255,"column":2},"end":{"line":255,"column":23}},"121":{"start":{"line":258,"column":30},"end":{"line":260,"column":1}},"122":{"start":{"line":259,"column":2},"end":{"line":259,"column":65}},"123":{"start":{"line":262,"column":42},"end":{"line":275,"column":1}},"124":{"start":{"line":263,"column":2},"end":{"line":274,"column":3}},"125":{"start":{"line":265,"column":6},"end":{"line":265,"column":55}},"126":{"start":{"line":266,"column":6},"end":{"line":266,"column":56}},"127":{"start":{"line":267,"column":6},"end":{"line":267,"column":12}},"128":{"start":{"line":269,"column":6},"end":{"line":269,"column":55}},"129":{"start":{"line":270,"column":6},"end":{"line":270,"column":56}},"130":{"start":{"line":271,"column":6},"end":{"line":271,"column":12}},"131":{"start":{"line":273,"column":6},"end":{"line":273,"column":13}},"132":{"start":{"line":277,"column":42},"end":{"line":290,"column":1}},"133":{"start":{"line":278,"column":2},"end":{"line":289,"column":3}},"134":{"start":{"line":280,"column":6},"end":{"line":280,"column":52}},"135":{"start":{"line":281,"column":6},"end":{"line":281,"column":53}},"136":{"start":{"line":282,"column":6},"end":{"line":282,"column":12}},"137":{"start":{"line":284,"column":6},"end":{"line":284,"column":53}},"138":{"start":{"line":285,"column":6},"end":{"line":285,"column":54}},"139":{"start":{"line":286,"column":6},"end":{"line":286,"column":12}},"140":{"start":{"line":288,"column":6},"end":{"line":288,"column":13}},"141":{"start":{"line":294,"column":30},"end":{"line":310,"column":1}},"142":{"start":{"line":299,"column":2},"end":{"line":303,"column":3}},"143":{"start":{"line":300,"column":4},"end":{"line":300,"column":72}},"144":{"start":{"line":302,"column":4},"end":{"line":302,"column":72}},"145":{"start":{"line":304,"column":32},"end":{"line":304,"column":71}},"146":{"start":{"line":305,"column":2},"end":{"line":305,"column":50}},"147":{"start":{"line":306,"column":2},"end":{"line":306,"column":59}},"148":{"start":{"line":307,"column":2},"end":{"line":309,"column":11}},"149":{"start":{"line":308,"column":4},"end":{"line":308,"column":61}},"150":{"start":{"line":312,"column":38},"end":{"line":331,"column":1}},"151":{"start":{"line":317,"column":21},"end":{"line":319,"column":3}},"152":{"start":{"line":320,"column":2},"end":{"line":330,"column":3}},"153":{"start":{"line":321,"column":4},"end":{"line":327,"column":5}},"154":{"start":{"line":322,"column":6},"end":{"line":322,"column":68}},"155":{"start":{"line":323,"column":6},"end":{"line":323,"column":68}},"156":{"start":{"line":325,"column":6},"end":{"line":325,"column":65}},"157":{"start":{"line":326,"column":6},"end":{"line":326,"column":65}},"158":{"start":{"line":329,"column":4},"end":{"line":329,"column":11}}},"fnMap":{"0":{"name":"(anonymous_0)","decl":{"start":{"line":1,"column":51},"end":{"line":1,"column":52}},"loc":{"start":{"line":4,"column":5},"end":{"line":97,"column":1}},"line":4},"1":{"name":"(anonymous_1)","decl":{"start":{"line":99,"column":31},"end":{"line":99,"column":32}},"loc":{"start":{"line":99,"column":48},"end":{"line":143,"column":1}},"line":99},"2":{"name":"(anonymous_2)","decl":{"start":{"line":145,"column":37},"end":{"line":145,"column":38}},"loc":{"start":{"line":145,"column":52},"end":{"line":153,"column":1}},"line":145},"3":{"name":"(anonymous_3)","decl":{"start":{"line":148,"column":20},"end":{"line":148,"column":21}},"loc":{"start":{"line":148,"column":37},"end":{"line":151,"column":3}},"line":148},"4":{"name":"(anonymous_4)","decl":{"start":{"line":155,"column":50},"end":{"line":155,"column":51}},"loc":{"start":{"line":159,"column":5},"end":{"line":169,"column":1}},"line":159},"5":{"name":"(anonymous_5)","decl":{"start":{"line":171,"column":29},"end":{"line":171,"column":30}},"loc":{"start":{"line":171,"column":48},"end":{"line":185,"column":1}},"line":171},"6":{"name":"(anonymous_6)","decl":{"start":{"line":187,"column":37},"end":{"line":187,"column":38}},"loc":{"start":{"line":187,"column":57},"end":{"line":203,"column":1}},"line":187},"7":{"name":"(anonymous_7)","decl":{"start":{"line":205,"column":35},"end":{"line":205,"column":36}},"loc":{"start":{"line":205,"column":52},"end":{"line":207,"column":1}},"line":205},"8":{"name":"(anonymous_8)","decl":{"start":{"line":209,"column":32},"end":{"line":209,"column":33}},"loc":{"start":{"line":209,"column":52},"end":{"line":211,"column":1}},"line":209},"9":{"name":"(anonymous_9)","decl":{"start":{"line":213,"column":40},"end":{"line":213,"column":41}},"loc":{"start":{"line":213,"column":63},"end":{"line":237,"column":1}},"line":213},"10":{"name":"(anonymous_10)","decl":{"start":{"line":239,"column":31},"end":{"line":239,"column":32}},"loc":{"start":{"line":239,"column":78},"end":{"line":243,"column":1}},"line":239},"11":{"name":"(anonymous_11)","decl":{"start":{"line":245,"column":32},"end":{"line":245,"column":33}},"loc":{"start":{"line":249,"column":5},"end":{"line":256,"column":1}},"line":249},"12":{"name":"(anonymous_12)","decl":{"start":{"line":258,"column":30},"end":{"line":258,"column":31}},"loc":{"start":{"line":258,"column":48},"end":{"line":260,"column":1}},"line":258},"13":{"name":"(anonymous_13)","decl":{"start":{"line":262,"column":42},"end":{"line":262,"column":43}},"loc":{"start":{"line":262,"column":56},"end":{"line":275,"column":1}},"line":262},"14":{"name":"(anonymous_14)","decl":{"start":{"line":277,"column":42},"end":{"line":277,"column":43}},"loc":{"start":{"line":277,"column":58},"end":{"line":290,"column":1}},"line":277},"15":{"name":"(anonymous_15)","decl":{"start":{"line":294,"column":30},"end":{"line":294,"column":31}},"loc":{"start":{"line":298,"column":5},"end":{"line":310,"column":1}},"line":298},"16":{"name":"(anonymous_16)","decl":{"start":{"line":307,"column":13},"end":{"line":307,"column":14}},"loc":{"start":{"line":307,"column":19},"end":{"line":309,"column":3}},"line":307},"17":{"name":"(anonymous_17)","decl":{"start":{"line":312,"column":38},"end":{"line":312,"column":39}},"loc":{"start":{"line":316,"column":5},"end":{"line":331,"column":1}},"line":316}},"branchMap":{"0":{"loc":{"start":{"line":10,"column":2},"end":{"line":95,"column":3}},"type":"switch","locations":[{"start":{"line":11,"column":4},"end":{"line":15,"column":12}},{"start":{"line":16,"column":4},"end":{"line":20,"column":12}},{"start":{"line":21,"column":4},"end":{"line":21,"column":11}},{"start":{"line":22,"column":4},"end":{"line":28,"column":12}},{"start":{"line":29,"column":4},"end":{"line":29,"column":12}},{"start":{"line":30,"column":4},"end":{"line":34,"column":12}},{"start":{"line":35,"column":4},"end":{"line":39,"column":12}},{"start":{"line":40,"column":4},"end":{"line":40,"column":12}},{"start":{"line":41,"column":4},"end":{"line":45,"column":12}},{"start":{"line":46,"column":4},"end":{"line":46,"column":12}},{"start":{"line":47,"column":4},"end":{"line":47,"column":12}},{"start":{"line":48,"column":4},"end":{"line":52,"column":12}},{"start":{"line":53,"column":4},"end":{"line":53,"column":12}},{"start":{"line":54,"column":4},"end":{"line":58,"column":12}},{"start":{"line":59,"column":4},"end":{"line":59,"column":12}},{"start":{"line":60,"column":4},"end":{"line":60,"column":12}},{"start":{"line":61,"column":4},"end":{"line":65,"column":12}},{"start":{"line":66,"column":4},"end":{"line":66,"column":12}},{"start":{"line":67,"column":4},"end":{"line":67,"column":12}},{"start":{"line":68,"column":4},"end":{"line":72,"column":12}},{"start":{"line":73,"column":4},"end":{"line":77,"column":12}},{"start":{"line":78,"column":4},"end":{"line":78,"column":12}},{"start":{"line":79,"column":4},"end":{"line":83,"column":12}},{"start":{"line":84,"column":4},"end":{"line":84,"column":12}},{"start":{"line":85,"column":4},"end":{"line":85,"column":12}},{"start":{"line":86,"column":4},"end":{"line":90,"column":12}},{"start":{"line":91,"column":4},"end":{"line":94,"column":62}}],"line":10},"1":{"loc":{"start":{"line":13,"column":8},"end":{"line":13,"column":79}},"type":"cond-expr","locations":[{"start":{"line":13,"column":28},"end":{"line":13,"column":54}},{"start":{"line":13,"column":57},"end":{"line":13,"column":79}}],"line":13},"2":{"loc":{"start":{"line":18,"column":8},"end":{"line":18,"column":79}},"type":"cond-expr","locations":[{"start":{"line":18,"column":28},"end":{"line":18,"column":54}},{"start":{"line":18,"column":57},"end":{"line":18,"column":79}}],"line":18},"3":{"loc":{"start":{"line":24,"column":8},"end":{"line":26,"column":35}},"type":"cond-expr","locations":[{"start":{"line":25,"column":12},"end":{"line":25,"column":39}},{"start":{"line":26,"column":12},"end":{"line":26,"column":35}}],"line":24},"4":{"loc":{"start":{"line":32,"column":8},"end":{"line":32,"column":77}},"type":"cond-expr","locations":[{"start":{"line":32,"column":28},"end":{"line":32,"column":53}},{"start":{"line":32,"column":56},"end":{"line":32,"column":77}}],"line":32},"5":{"loc":{"start":{"line":37,"column":8},"end":{"line":37,"column":77}},"type":"cond-expr","locations":[{"start":{"line":37,"column":28},"end":{"line":37,"column":53}},{"start":{"line":37,"column":56},"end":{"line":37,"column":77}}],"line":37},"6":{"loc":{"start":{"line":43,"column":8},"end":{"line":43,"column":77}},"type":"cond-expr","locations":[{"start":{"line":43,"column":28},"end":{"line":43,"column":53}},{"start":{"line":43,"column":56},"end":{"line":43,"column":77}}],"line":43},"7":{"loc":{"start":{"line":50,"column":8},"end":{"line":50,"column":77}},"type":"cond-expr","locations":[{"start":{"line":50,"column":28},"end":{"line":50,"column":53}},{"start":{"line":50,"column":56},"end":{"line":50,"column":77}}],"line":50},"8":{"loc":{"start":{"line":56,"column":8},"end":{"line":56,"column":77}},"type":"cond-expr","locations":[{"start":{"line":56,"column":28},"end":{"line":56,"column":53}},{"start":{"line":56,"column":56},"end":{"line":56,"column":77}}],"line":56},"9":{"loc":{"start":{"line":63,"column":8},"end":{"line":63,"column":77}},"type":"cond-expr","locations":[{"start":{"line":63,"column":28},"end":{"line":63,"column":53}},{"start":{"line":63,"column":56},"end":{"line":63,"column":77}}],"line":63},"10":{"loc":{"start":{"line":70,"column":8},"end":{"line":70,"column":77}},"type":"cond-expr","locations":[{"start":{"line":70,"column":28},"end":{"line":70,"column":53}},{"start":{"line":70,"column":56},"end":{"line":70,"column":77}}],"line":70},"11":{"loc":{"start":{"line":75,"column":8},"end":{"line":75,"column":77}},"type":"cond-expr","locations":[{"start":{"line":75,"column":28},"end":{"line":75,"column":53}},{"start":{"line":75,"column":56},"end":{"line":75,"column":77}}],"line":75},"12":{"loc":{"start":{"line":81,"column":8},"end":{"line":81,"column":77}},"type":"cond-expr","locations":[{"start":{"line":81,"column":28},"end":{"line":81,"column":53}},{"start":{"line":81,"column":56},"end":{"line":81,"column":77}}],"line":81},"13":{"loc":{"start":{"line":88,"column":8},"end":{"line":88,"column":79}},"type":"cond-expr","locations":[{"start":{"line":88,"column":28},"end":{"line":88,"column":54}},{"start":{"line":88,"column":57},"end":{"line":88,"column":79}}],"line":88},"14":{"loc":{"start":{"line":93,"column":8},"end":{"line":93,"column":79}},"type":"cond-expr","locations":[{"start":{"line":93,"column":28},"end":{"line":93,"column":54}},{"start":{"line":93,"column":57},"end":{"line":93,"column":79}}],"line":93},"15":{"loc":{"start":{"line":102,"column":2},"end":{"line":141,"column":3}},"type":"switch","locations":[{"start":{"line":103,"column":4},"end":{"line":103,"column":11}},{"start":{"line":104,"column":4},"end":{"line":106,"column":12}},{"start":{"line":107,"column":4},"end":{"line":107,"column":11}},{"start":{"line":108,"column":4},"end":{"line":110,"column":12}},{"start":{"line":111,"column":4},"end":{"line":111,"column":12}},{"start":{"line":112,"column":4},"end":{"line":112,"column":12}},{"start":{"line":113,"column":4},"end":{"line":113,"column":12}},{"start":{"line":114,"column":4},"end":{"line":114,"column":12}},{"start":{"line":115,"column":4},"end":{"line":115,"column":12}},{"start":{"line":116,"column":4},"end":{"line":116,"column":12}},{"start":{"line":117,"column":4},"end":{"line":117,"column":12}},{"start":{"line":118,"column":4},"end":{"line":118,"column":12}},{"start":{"line":119,"column":4},"end":{"line":119,"column":12}},{"start":{"line":120,"column":4},"end":{"line":120,"column":12}},{"start":{"line":121,"column":4},"end":{"line":121,"column":12}},{"start":{"line":122,"column":4},"end":{"line":122,"column":12}},{"start":{"line":123,"column":4},"end":{"line":125,"column":12}},{"start":{"line":126,"column":4},"end":{"line":126,"column":12}},{"start":{"line":127,"column":4},"end":{"line":127,"column":12}},{"start":{"line":128,"column":4},"end":{"line":128,"column":12}},{"start":{"line":129,"column":4},"end":{"line":129,"column":12}},{"start":{"line":130,"column":4},"end":{"line":130,"column":12}},{"start":{"line":131,"column":4},"end":{"line":133,"column":12}},{"start":{"line":134,"column":4},"end":{"line":134,"column":12}},{"start":{"line":135,"column":4},"end":{"line":135,"column":12}},{"start":{"line":136,"column":4},"end":{"line":138,"column":12}},{"start":{"line":139,"column":4},"end":{"line":140,"column":2870}}],"line":102},"16":{"loc":{"start":{"line":146,"column":2},"end":{"line":146,"column":51}},"type":"if","locations":[{"start":{"line":146,"column":2},"end":{"line":146,"column":51}},{"start":{},"end":{}}],"line":146},"17":{"loc":{"start":{"line":146,"column":6},"end":{"line":146,"column":42}},"type":"binary-expr","locations":[{"start":{"line":146,"column":6},"end":{"line":146,"column":16}},{"start":{"line":146,"column":20},"end":{"line":146,"column":42}}],"line":146},"18":{"loc":{"start":{"line":158,"column":2},"end":{"line":158,"column":21}},"type":"default-arg","locations":[{"start":{"line":158,"column":16},"end":{"line":158,"column":21}}],"line":158},"19":{"loc":{"start":{"line":161,"column":4},"end":{"line":161,"column":68}},"type":"cond-expr","locations":[{"start":{"line":161,"column":28},"end":{"line":161,"column":39}},{"start":{"line":161,"column":42},"end":{"line":161,"column":68}}],"line":161},"20":{"loc":{"start":{"line":173,"column":17},"end":{"line":173,"column":52}},"type":"cond-expr","locations":[{"start":{"line":173,"column":41},"end":{"line":173,"column":45}},{"start":{"line":173,"column":48},"end":{"line":173,"column":52}}],"line":173},"21":{"loc":{"start":{"line":174,"column":2},"end":{"line":176,"column":3}},"type":"if","locations":[{"start":{"line":174,"column":2},"end":{"line":176,"column":3}},{"start":{},"end":{}}],"line":174},"22":{"loc":{"start":{"line":177,"column":2},"end":{"line":179,"column":3}},"type":"if","locations":[{"start":{"line":177,"column":2},"end":{"line":179,"column":3}},{"start":{},"end":{}}],"line":177},"23":{"loc":{"start":{"line":177,"column":6},"end":{"line":177,"column":39}},"type":"binary-expr","locations":[{"start":{"line":177,"column":6},"end":{"line":177,"column":20}},{"start":{"line":177,"column":24},"end":{"line":177,"column":39}}],"line":177},"24":{"loc":{"start":{"line":180,"column":2},"end":{"line":182,"column":3}},"type":"if","locations":[{"start":{"line":180,"column":2},"end":{"line":182,"column":3}},{"start":{},"end":{}}],"line":180},"25":{"loc":{"start":{"line":180,"column":6},"end":{"line":180,"column":39}},"type":"binary-expr","locations":[{"start":{"line":180,"column":6},"end":{"line":180,"column":20}},{"start":{"line":180,"column":24},"end":{"line":180,"column":39}}],"line":180},"26":{"loc":{"start":{"line":190,"column":2},"end":{"line":196,"column":3}},"type":"if","locations":[{"start":{"line":190,"column":2},"end":{"line":196,"column":3}},{"start":{},"end":{}}],"line":190},"27":{"loc":{"start":{"line":191,"column":4},"end":{"line":193,"column":5}},"type":"if","locations":[{"start":{"line":191,"column":4},"end":{"line":193,"column":5}},{"start":{},"end":{}}],"line":191},"28":{"loc":{"start":{"line":194,"column":27},"end":{"line":194,"column":59}},"type":"cond-expr","locations":[{"start":{"line":194,"column":40},"end":{"line":194,"column":51}},{"start":{"line":194,"column":54},"end":{"line":194,"column":59}}],"line":194},"29":{"loc":{"start":{"line":197,"column":2},"end":{"line":202,"column":3}},"type":"if","locations":[{"start":{"line":197,"column":2},"end":{"line":202,"column":3}},{"start":{},"end":{}}],"line":197},"30":{"loc":{"start":{"line":198,"column":4},"end":{"line":200,"column":5}},"type":"if","locations":[{"start":{"line":198,"column":4},"end":{"line":200,"column":5}},{"start":{},"end":{}}],"line":198},"31":{"loc":{"start":{"line":217,"column":4},"end":{"line":227,"column":5}},"type":"if","locations":[{"start":{"line":217,"column":4},"end":{"line":227,"column":5}},{"start":{},"end":{}}],"line":217},"32":{"loc":{"start":{"line":217,"column":8},"end":{"line":217,"column":75}},"type":"binary-expr","locations":[{"start":{"line":217,"column":8},"end":{"line":217,"column":41}},{"start":{"line":217,"column":45},"end":{"line":217,"column":75}}],"line":217},"33":{"loc":{"start":{"line":263,"column":2},"end":{"line":274,"column":3}},"type":"switch","locations":[{"start":{"line":264,"column":4},"end":{"line":267,"column":12}},{"start":{"line":268,"column":4},"end":{"line":271,"column":12}},{"start":{"line":272,"column":4},"end":{"line":273,"column":13}}],"line":263},"34":{"loc":{"start":{"line":278,"column":2},"end":{"line":289,"column":3}},"type":"switch","locations":[{"start":{"line":279,"column":4},"end":{"line":282,"column":12}},{"start":{"line":283,"column":4},"end":{"line":286,"column":12}},{"start":{"line":287,"column":4},"end":{"line":288,"column":13}}],"line":278},"35":{"loc":{"start":{"line":297,"column":2},"end":{"line":297,"column":15}},"type":"default-arg","locations":[{"start":{"line":297,"column":10},"end":{"line":297,"column":15}}],"line":297},"36":{"loc":{"start":{"line":299,"column":2},"end":{"line":303,"column":3}},"type":"if","locations":[{"start":{"line":299,"column":2},"end":{"line":303,"column":3}},{"start":{"line":301,"column":9},"end":{"line":303,"column":3}}],"line":299},"37":{"loc":{"start":{"line":315,"column":2},"end":{"line":315,"column":16}},"type":"default-arg","locations":[{"start":{"line":315,"column":11},"end":{"line":315,"column":16}}],"line":315},"38":{"loc":{"start":{"line":320,"column":2},"end":{"line":330,"column":3}},"type":"if","locations":[{"start":{"line":320,"column":2},"end":{"line":330,"column":3}},{"start":{"line":328,"column":9},"end":{"line":330,"column":3}}],"line":320},"39":{"loc":{"start":{"line":321,"column":4},"end":{"line":327,"column":5}},"type":"if","locations":[{"start":{"line":321,"column":4},"end":{"line":327,"column":5}},{"start":{"line":324,"column":11},"end":{"line":327,"column":5}}],"line":321}},"s":{"0":1,"1":3,"2":3,"3":0,"4":0,"5":0,"6":1,"7":1,"8":1,"9":0,"10":0,"11":0,"12":0,"13":0,"14":0,"15":0,"16":0,"17":0,"18":0,"19":0,"20":0,"21":0,"22":0,"23":0,"24":0,"25":0,"26":0,"27":0,"28":0,"29":0,"30":0,"31":0,"32":0,"33":0,"34":0,"35":0,"36":0,"37":0,"38":0,"39":0,"40":0,"41":0,"42":2,"43":2,"44":3,"45":1,"46":5,"47":0,"48":0,"49":0,"50":0,"51":0,"52":0,"53":1,"54":1,"55":1,"56":1,"57":3,"58":5,"59":1,"60":4,"61":3,"62":1,"63":1,"64":4,"65":4,"66":1,"67":1,"68":0,"69":0,"70":0,"71":0,"72":1,"73":0,"74":0,"75":0,"76":0,"77":0,"78":0,"79":0,"80":0,"81":0,"82":0,"83":1,"84":0,"85":0,"86":0,"87":0,"88":0,"89":0,"90":0,"91":0,"92":0,"93":0,"94":0,"95":1,"96":0,"97":1,"98":0,"99":1,"100":0,"101":0,"102":0,"103":0,"104":0,"105":0,"106":0,"107":0,"108":0,"109":0,"110":0,"111":0,"112":0,"113":0,"114":1,"115":0,"116":0,"117":0,"118":1,"119":0,"120":0,"121":1,"122":0,"123":1,"124":0,"125":0,"126":0,"127":0,"128":0,"129":0,"130":0,"131":0,"132":1,"133":0,"134":0,"135":0,"136":0,"137":0,"138":0,"139":0,"140":0,"141":1,"142":0,"143":0,"144":0,"145":0,"146":0,"147":0,"148":0,"149":0,"150":1,"151":0,"152":0,"153":0,"154":0,"155":0,"156":0,"157":0,"158":0},"f":{"0":3,"1":5,"2":4,"3":4,"4":0,"5":0,"6":0,"7":0,"8":0,"9":0,"10":0,"11":0,"12":0,"13":0,"14":0,"15":0,"16":0,"17":0},"b":{"0":[0,1,0,0,0,0,0,0,0,0,0,0,0,0,0,0,0,0,0,0,0,0,0,0,0,0,2],"1":[0,0],"2":[0,1],"3":[0,0],"4":[0,0],"5":[0,0],"6":[0,0],"7":[0,0],"8":[0,0],"9":[0,0],"10":[0,0],"11":[0,0],"12":[0,0],"13":[0,0],"14":[1,1],"15":[0,0,0,0,0,0,0,0,0,0,0,0,0,0,0,0,0,0,0,0,0,0,1,0,0,1,3],"16":[3,1],"17":[4,2],"18":[0],"19":[0,0],"20":[0,0],"21":[0,0],"22":[0,0],"23":[0,0],"24":[0,0],"25":[0,0],"26":[0,0],"27":[0,0],"28":[0,0],"29":[0,0],"30":[0,0],"31":[0,0],"32":[0,0],"33":[0,0,0],"34":[0,0,0],"35":[0],"36":[0,0],"37":[0],"38":[0,0],"39":[0,0]},"_coverageSchema":"1a1c01bbd47fc00a2c39e90264f33305004495a9","hash":"8455b4718ce13a7e18291d2bc287c9b0e3b65f21"}
}
