{"C:\\Users\\luksj\\Desktop\\Programavimas\\projects\\weathyy\\VanillaJS_Weather-app\\scripts\\helper-functions.script.js": {"path":"C:\\Users\\luksj\\Desktop\\Programavimas\\projects\\weathyy\\VanillaJS_Weather-app\\scripts\\helper-functions.script.js","statementMap":{"0":{"start":{"line":1,"column":51},"end":{"line":97,"column":1}},"1":{"start":{"line":5,"column":18},"end":{"line":8,"column":3}},"2":{"start":{"line":10,"column":2},"end":{"line":95,"column":3}},"3":{"start":{"line":12,"column":6},"end":{"line":13,"column":80}},"4":{"start":{"line":14,"column":6},"end":{"line":14,"column":43}},"5":{"start":{"line":15,"column":6},"end":{"line":15,"column":12}},"6":{"start":{"line":17,"column":6},"end":{"line":18,"column":80}},"7":{"start":{"line":19,"column":6},"end":{"line":19,"column":50}},"8":{"start":{"line":20,"column":6},"end":{"line":20,"column":12}},"9":{"start":{"line":23,"column":6},"end":{"line":26,"column":36}},"10":{"start":{"line":27,"column":6},"end":{"line":27,"column":44}},"11":{"start":{"line":28,"column":6},"end":{"line":28,"column":12}},"12":{"start":{"line":31,"column":6},"end":{"line":32,"column":78}},"13":{"start":{"line":33,"column":6},"end":{"line":33,"column":44}},"14":{"start":{"line":34,"column":6},"end":{"line":34,"column":12}},"15":{"start":{"line":36,"column":6},"end":{"line":37,"column":78}},"16":{"start":{"line":38,"column":6},"end":{"line":38,"column":47}},"17":{"start":{"line":39,"column":6},"end":{"line":39,"column":12}},"18":{"start":{"line":42,"column":6},"end":{"line":43,"column":78}},"19":{"start":{"line":44,"column":6},"end":{"line":44,"column":44}},"20":{"start":{"line":45,"column":6},"end":{"line":45,"column":12}},"21":{"start":{"line":49,"column":6},"end":{"line":50,"column":78}},"22":{"start":{"line":51,"column":6},"end":{"line":51,"column":41}},"23":{"start":{"line":52,"column":6},"end":{"line":52,"column":12}},"24":{"start":{"line":55,"column":6},"end":{"line":56,"column":78}},"25":{"start":{"line":57,"column":6},"end":{"line":57,"column":44}},"26":{"start":{"line":58,"column":6},"end":{"line":58,"column":12}},"27":{"start":{"line":62,"column":6},"end":{"line":63,"column":78}},"28":{"start":{"line":64,"column":6},"end":{"line":64,"column":41}},"29":{"start":{"line":65,"column":6},"end":{"line":65,"column":12}},"30":{"start":{"line":69,"column":6},"end":{"line":70,"column":78}},"31":{"start":{"line":71,"column":6},"end":{"line":71,"column":41}},"32":{"start":{"line":72,"column":6},"end":{"line":72,"column":12}},"33":{"start":{"line":74,"column":6},"end":{"line":75,"column":78}},"34":{"start":{"line":76,"column":6},"end":{"line":76,"column":44}},"35":{"start":{"line":77,"column":6},"end":{"line":77,"column":12}},"36":{"start":{"line":80,"column":6},"end":{"line":81,"column":78}},"37":{"start":{"line":82,"column":6},"end":{"line":82,"column":41}},"38":{"start":{"line":83,"column":6},"end":{"line":83,"column":12}},"39":{"start":{"line":87,"column":6},"end":{"line":88,"column":80}},"40":{"start":{"line":89,"column":6},"end":{"line":89,"column":36}},"41":{"start":{"line":90,"column":6},"end":{"line":90,"column":12}},"42":{"start":{"line":92,"column":6},"end":{"line":93,"column":80}},"43":{"start":{"line":94,"column":6},"end":{"line":94,"column":62}},"44":{"start":{"line":96,"column":2},"end":{"line":96,"column":17}},"45":{"start":{"line":99,"column":31},"end":{"line":143,"column":1}},"46":{"start":{"line":102,"column":2},"end":{"line":141,"column":3}},"47":{"start":{"line":105,"column":6},"end":{"line":105,"column":2870}},"48":{"start":{"line":106,"column":6},"end":{"line":106,"column":12}},"49":{"start":{"line":109,"column":6},"end":{"line":109,"column":3057}},"50":{"start":{"line":110,"column":6},"end":{"line":110,"column":12}},"51":{"start":{"line":124,"column":6},"end":{"line":124,"column":3550}},"52":{"start":{"line":125,"column":6},"end":{"line":125,"column":12}},"53":{"start":{"line":132,"column":6},"end":{"line":132,"column":3474}},"54":{"start":{"line":133,"column":6},"end":{"line":133,"column":12}},"55":{"start":{"line":137,"column":6},"end":{"line":137,"column":2365}},"56":{"start":{"line":138,"column":6},"end":{"line":138,"column":12}},"57":{"start":{"line":140,"column":6},"end":{"line":140,"column":2870}},"58":{"start":{"line":142,"column":2},"end":{"line":142,"column":18}},"59":{"start":{"line":145,"column":37},"end":{"line":152,"column":1}},"60":{"start":{"line":146,"column":19},"end":{"line":146,"column":21}},"61":{"start":{"line":147,"column":2},"end":{"line":150,"column":5}},"62":{"start":{"line":148,"column":25},"end":{"line":148,"column":47}},"63":{"start":{"line":149,"column":4},"end":{"line":149,"column":35}},"64":{"start":{"line":151,"column":2},"end":{"line":151,"column":18}},"65":{"start":{"line":154,"column":50},"end":{"line":168,"column":1}},"66":{"start":{"line":160,"column":4},"end":{"line":160,"column":68}},"67":{"start":{"line":161,"column":37},"end":{"line":163,"column":3}},"68":{"start":{"line":164,"column":2},"end":{"line":165,"column":64}},"69":{"start":{"line":167,"column":2},"end":{"line":167,"column":58}},"70":{"start":{"line":170,"column":29},"end":{"line":184,"column":1}},"71":{"start":{"line":171,"column":27},"end":{"line":171,"column":51}},"72":{"start":{"line":172,"column":17},"end":{"line":172,"column":52}},"73":{"start":{"line":173,"column":2},"end":{"line":175,"column":3}},"74":{"start":{"line":174,"column":4},"end":{"line":174,"column":37}},"75":{"start":{"line":176,"column":2},"end":{"line":178,"column":3}},"76":{"start":{"line":177,"column":4},"end":{"line":177,"column":36}},"77":{"start":{"line":179,"column":2},"end":{"line":181,"column":3}},"78":{"start":{"line":180,"column":4},"end":{"line":180,"column":37}},"79":{"start":{"line":182,"column":20},"end":{"line":182,"column":53}},"80":{"start":{"line":183,"column":2},"end":{"line":183,"column":45}},"81":{"start":{"line":186,"column":37},"end":{"line":202,"column":1}},"82":{"start":{"line":187,"column":25},"end":{"line":187,"column":50}},"83":{"start":{"line":188,"column":27},"end":{"line":188,"column":42}},"84":{"start":{"line":189,"column":2},"end":{"line":195,"column":3}},"85":{"start":{"line":190,"column":4},"end":{"line":192,"column":5}},"86":{"start":{"line":191,"column":6},"end":{"line":191,"column":29}},"87":{"start":{"line":193,"column":27},"end":{"line":193,"column":59}},"88":{"start":{"line":194,"column":4},"end":{"line":194,"column":42}},"89":{"start":{"line":196,"column":2},"end":{"line":201,"column":3}},"90":{"start":{"line":197,"column":4},"end":{"line":199,"column":5}},"91":{"start":{"line":198,"column":6},"end":{"line":198,"column":29}},"92":{"start":{"line":200,"column":4},"end":{"line":200,"column":61}},"93":{"start":{"line":204,"column":35},"end":{"line":206,"column":1}},"94":{"start":{"line":205,"column":2},"end":{"line":205,"column":68}},"95":{"start":{"line":208,"column":32},"end":{"line":210,"column":1}},"96":{"start":{"line":209,"column":2},"end":{"line":209,"column":60}},"97":{"start":{"line":212,"column":40},"end":{"line":236,"column":1}},"98":{"start":{"line":213,"column":27},"end":{"line":213,"column":29}},"99":{"start":{"line":214,"column":28},"end":{"line":214,"column":29}},"100":{"start":{"line":215,"column":2},"end":{"line":227,"column":3}},"101":{"start":{"line":215,"column":15},"end":{"line":215,"column":17}},"102":{"start":{"line":216,"column":4},"end":{"line":226,"column":5}},"103":{"start":{"line":217,"column":24},"end":{"line":223,"column":7}},"104":{"start":{"line":224,"column":6},"end":{"line":224,"column":39}},"105":{"start":{"line":225,"column":6},"end":{"line":225,"column":28}},"106":{"start":{"line":228,"column":25},"end":{"line":228,"column":27}},"107":{"start":{"line":229,"column":20},"end":{"line":229,"column":30}},"108":{"start":{"line":232,"column":2},"end":{"line":234,"column":3}},"109":{"start":{"line":232,"column":15},"end":{"line":232,"column":16}},"110":{"start":{"line":233,"column":4},"end":{"line":233,"column":55}},"111":{"start":{"line":235,"column":2},"end":{"line":235,"column":24}},"112":{"start":{"line":238,"column":31},"end":{"line":242,"column":1}},"113":{"start":{"line":239,"column":2},"end":{"line":239,"column":37}},"114":{"start":{"line":240,"column":2},"end":{"line":240,"column":39}},"115":{"start":{"line":241,"column":2},"end":{"line":241,"column":39}},"116":{"start":{"line":244,"column":32},"end":{"line":255,"column":1}},"117":{"start":{"line":249,"column":24},"end":{"line":253,"column":3}},"118":{"start":{"line":254,"column":2},"end":{"line":254,"column":23}},"119":{"start":{"line":257,"column":30},"end":{"line":259,"column":1}},"120":{"start":{"line":258,"column":2},"end":{"line":258,"column":65}},"121":{"start":{"line":261,"column":42},"end":{"line":274,"column":1}},"122":{"start":{"line":262,"column":2},"end":{"line":273,"column":3}},"123":{"start":{"line":264,"column":6},"end":{"line":264,"column":55}},"124":{"start":{"line":265,"column":6},"end":{"line":265,"column":56}},"125":{"start":{"line":266,"column":6},"end":{"line":266,"column":12}},"126":{"start":{"line":268,"column":6},"end":{"line":268,"column":55}},"127":{"start":{"line":269,"column":6},"end":{"line":269,"column":56}},"128":{"start":{"line":270,"column":6},"end":{"line":270,"column":12}},"129":{"start":{"line":272,"column":6},"end":{"line":272,"column":13}},"130":{"start":{"line":276,"column":42},"end":{"line":289,"column":1}},"131":{"start":{"line":277,"column":2},"end":{"line":288,"column":3}},"132":{"start":{"line":279,"column":6},"end":{"line":279,"column":52}},"133":{"start":{"line":280,"column":6},"end":{"line":280,"column":53}},"134":{"start":{"line":281,"column":6},"end":{"line":281,"column":12}},"135":{"start":{"line":283,"column":6},"end":{"line":283,"column":53}},"136":{"start":{"line":284,"column":6},"end":{"line":284,"column":54}},"137":{"start":{"line":285,"column":6},"end":{"line":285,"column":12}},"138":{"start":{"line":287,"column":6},"end":{"line":287,"column":13}},"139":{"start":{"line":293,"column":30},"end":{"line":309,"column":1}},"140":{"start":{"line":298,"column":2},"end":{"line":302,"column":3}},"141":{"start":{"line":299,"column":4},"end":{"line":299,"column":72}},"142":{"start":{"line":301,"column":4},"end":{"line":301,"column":72}},"143":{"start":{"line":303,"column":32},"end":{"line":303,"column":71}},"144":{"start":{"line":304,"column":2},"end":{"line":304,"column":50}},"145":{"start":{"line":305,"column":2},"end":{"line":305,"column":59}},"146":{"start":{"line":306,"column":2},"end":{"line":308,"column":11}},"147":{"start":{"line":307,"column":4},"end":{"line":307,"column":61}},"148":{"start":{"line":311,"column":38},"end":{"line":330,"column":1}},"149":{"start":{"line":316,"column":21},"end":{"line":318,"column":3}},"150":{"start":{"line":319,"column":2},"end":{"line":329,"column":3}},"151":{"start":{"line":320,"column":4},"end":{"line":326,"column":5}},"152":{"start":{"line":321,"column":6},"end":{"line":321,"column":68}},"153":{"start":{"line":322,"column":6},"end":{"line":322,"column":68}},"154":{"start":{"line":324,"column":6},"end":{"line":324,"column":65}},"155":{"start":{"line":325,"column":6},"end":{"line":325,"column":65}},"156":{"start":{"line":328,"column":4},"end":{"line":328,"column":11}}},"fnMap":{"0":{"name":"(anonymous_0)","decl":{"start":{"line":1,"column":51},"end":{"line":1,"column":52}},"loc":{"start":{"line":4,"column":5},"end":{"line":97,"column":1}},"line":4},"1":{"name":"(anonymous_1)","decl":{"start":{"line":99,"column":31},"end":{"line":99,"column":32}},"loc":{"start":{"line":99,"column":48},"end":{"line":143,"column":1}},"line":99},"2":{"name":"(anonymous_2)","decl":{"start":{"line":145,"column":37},"end":{"line":145,"column":38}},"loc":{"start":{"line":145,"column":52},"end":{"line":152,"column":1}},"line":145},"3":{"name":"(anonymous_3)","decl":{"start":{"line":147,"column":20},"end":{"line":147,"column":21}},"loc":{"start":{"line":147,"column":37},"end":{"line":150,"column":3}},"line":147},"4":{"name":"(anonymous_4)","decl":{"start":{"line":154,"column":50},"end":{"line":154,"column":51}},"loc":{"start":{"line":158,"column":5},"end":{"line":168,"column":1}},"line":158},"5":{"name":"(anonymous_5)","decl":{"start":{"line":170,"column":29},"end":{"line":170,"column":30}},"loc":{"start":{"line":170,"column":48},"end":{"line":184,"column":1}},"line":170},"6":{"name":"(anonymous_6)","decl":{"start":{"line":186,"column":37},"end":{"line":186,"column":38}},"loc":{"start":{"line":186,"column":57},"end":{"line":202,"column":1}},"line":186},"7":{"name":"(anonymous_7)","decl":{"start":{"line":204,"column":35},"end":{"line":204,"column":36}},"loc":{"start":{"line":204,"column":52},"end":{"line":206,"column":1}},"line":204},"8":{"name":"(anonymous_8)","decl":{"start":{"line":208,"column":32},"end":{"line":208,"column":33}},"loc":{"start":{"line":208,"column":52},"end":{"line":210,"column":1}},"line":208},"9":{"name":"(anonymous_9)","decl":{"start":{"line":212,"column":40},"end":{"line":212,"column":41}},"loc":{"start":{"line":212,"column":63},"end":{"line":236,"column":1}},"line":212},"10":{"name":"(anonymous_10)","decl":{"start":{"line":238,"column":31},"end":{"line":238,"column":32}},"loc":{"start":{"line":238,"column":78},"end":{"line":242,"column":1}},"line":238},"11":{"name":"(anonymous_11)","decl":{"start":{"line":244,"column":32},"end":{"line":244,"column":33}},"loc":{"start":{"line":248,"column":5},"end":{"line":255,"column":1}},"line":248},"12":{"name":"(anonymous_12)","decl":{"start":{"line":257,"column":30},"end":{"line":257,"column":31}},"loc":{"start":{"line":257,"column":48},"end":{"line":259,"column":1}},"line":257},"13":{"name":"(anonymous_13)","decl":{"start":{"line":261,"column":42},"end":{"line":261,"column":43}},"loc":{"start":{"line":261,"column":56},"end":{"line":274,"column":1}},"line":261},"14":{"name":"(anonymous_14)","decl":{"start":{"line":276,"column":42},"end":{"line":276,"column":43}},"loc":{"start":{"line":276,"column":58},"end":{"line":289,"column":1}},"line":276},"15":{"name":"(anonymous_15)","decl":{"start":{"line":293,"column":30},"end":{"line":293,"column":31}},"loc":{"start":{"line":297,"column":5},"end":{"line":309,"column":1}},"line":297},"16":{"name":"(anonymous_16)","decl":{"start":{"line":306,"column":13},"end":{"line":306,"column":14}},"loc":{"start":{"line":306,"column":19},"end":{"line":308,"column":3}},"line":306},"17":{"name":"(anonymous_17)","decl":{"start":{"line":311,"column":38},"end":{"line":311,"column":39}},"loc":{"start":{"line":315,"column":5},"end":{"line":330,"column":1}},"line":315}},"branchMap":{"0":{"loc":{"start":{"line":10,"column":2},"end":{"line":95,"column":3}},"type":"switch","locations":[{"start":{"line":11,"column":4},"end":{"line":15,"column":12}},{"start":{"line":16,"column":4},"end":{"line":20,"column":12}},{"start":{"line":21,"column":4},"end":{"line":21,"column":11}},{"start":{"line":22,"column":4},"end":{"line":28,"column":12}},{"start":{"line":29,"column":4},"end":{"line":29,"column":12}},{"start":{"line":30,"column":4},"end":{"line":34,"column":12}},{"start":{"line":35,"column":4},"end":{"line":39,"column":12}},{"start":{"line":40,"column":4},"end":{"line":40,"column":12}},{"start":{"line":41,"column":4},"end":{"line":45,"column":12}},{"start":{"line":46,"column":4},"end":{"line":46,"column":12}},{"start":{"line":47,"column":4},"end":{"line":47,"column":12}},{"start":{"line":48,"column":4},"end":{"line":52,"column":12}},{"start":{"line":53,"column":4},"end":{"line":53,"column":12}},{"start":{"line":54,"column":4},"end":{"line":58,"column":12}},{"start":{"line":59,"column":4},"end":{"line":59,"column":12}},{"start":{"line":60,"column":4},"end":{"line":60,"column":12}},{"start":{"line":61,"column":4},"end":{"line":65,"column":12}},{"start":{"line":66,"column":4},"end":{"line":66,"column":12}},{"start":{"line":67,"column":4},"end":{"line":67,"column":12}},{"start":{"line":68,"column":4},"end":{"line":72,"column":12}},{"start":{"line":73,"column":4},"end":{"line":77,"column":12}},{"start":{"line":78,"column":4},"end":{"line":78,"column":12}},{"start":{"line":79,"column":4},"end":{"line":83,"column":12}},{"start":{"line":84,"column":4},"end":{"line":84,"column":12}},{"start":{"line":85,"column":4},"end":{"line":85,"column":12}},{"start":{"line":86,"column":4},"end":{"line":90,"column":12}},{"start":{"line":91,"column":4},"end":{"line":94,"column":62}}],"line":10},"1":{"loc":{"start":{"line":13,"column":8},"end":{"line":13,"column":79}},"type":"cond-expr","locations":[{"start":{"line":13,"column":28},"end":{"line":13,"column":54}},{"start":{"line":13,"column":57},"end":{"line":13,"column":79}}],"line":13},"2":{"loc":{"start":{"line":18,"column":8},"end":{"line":18,"column":79}},"type":"cond-expr","locations":[{"start":{"line":18,"column":28},"end":{"line":18,"column":54}},{"start":{"line":18,"column":57},"end":{"line":18,"column":79}}],"line":18},"3":{"loc":{"start":{"line":24,"column":8},"end":{"line":26,"column":35}},"type":"cond-expr","locations":[{"start":{"line":25,"column":12},"end":{"line":25,"column":39}},{"start":{"line":26,"column":12},"end":{"line":26,"column":35}}],"line":24},"4":{"loc":{"start":{"line":32,"column":8},"end":{"line":32,"column":77}},"type":"cond-expr","locations":[{"start":{"line":32,"column":28},"end":{"line":32,"column":53}},{"start":{"line":32,"column":56},"end":{"line":32,"column":77}}],"line":32},"5":{"loc":{"start":{"line":37,"column":8},"end":{"line":37,"column":77}},"type":"cond-expr","locations":[{"start":{"line":37,"column":28},"end":{"line":37,"column":53}},{"start":{"line":37,"column":56},"end":{"line":37,"column":77}}],"line":37},"6":{"loc":{"start":{"line":43,"column":8},"end":{"line":43,"column":77}},"type":"cond-expr","locations":[{"start":{"line":43,"column":28},"end":{"line":43,"column":53}},{"start":{"line":43,"column":56},"end":{"line":43,"column":77}}],"line":43},"7":{"loc":{"start":{"line":50,"column":8},"end":{"line":50,"column":77}},"type":"cond-expr","locations":[{"start":{"line":50,"column":28},"end":{"line":50,"column":53}},{"start":{"line":50,"column":56},"end":{"line":50,"column":77}}],"line":50},"8":{"loc":{"start":{"line":56,"column":8},"end":{"line":56,"column":77}},"type":"cond-expr","locations":[{"start":{"line":56,"column":28},"end":{"line":56,"column":53}},{"start":{"line":56,"column":56},"end":{"line":56,"column":77}}],"line":56},"9":{"loc":{"start":{"line":63,"column":8},"end":{"line":63,"column":77}},"type":"cond-expr","locations":[{"start":{"line":63,"column":28},"end":{"line":63,"column":53}},{"start":{"line":63,"column":56},"end":{"line":63,"column":77}}],"line":63},"10":{"loc":{"start":{"line":70,"column":8},"end":{"line":70,"column":77}},"type":"cond-expr","locations":[{"start":{"line":70,"column":28},"end":{"line":70,"column":53}},{"start":{"line":70,"column":56},"end":{"line":70,"column":77}}],"line":70},"11":{"loc":{"start":{"line":75,"column":8},"end":{"line":75,"column":77}},"type":"cond-expr","locations":[{"start":{"line":75,"column":28},"end":{"line":75,"column":53}},{"start":{"line":75,"column":56},"end":{"line":75,"column":77}}],"line":75},"12":{"loc":{"start":{"line":81,"column":8},"end":{"line":81,"column":77}},"type":"cond-expr","locations":[{"start":{"line":81,"column":28},"end":{"line":81,"column":53}},{"start":{"line":81,"column":56},"end":{"line":81,"column":77}}],"line":81},"13":{"loc":{"start":{"line":88,"column":8},"end":{"line":88,"column":79}},"type":"cond-expr","locations":[{"start":{"line":88,"column":28},"end":{"line":88,"column":54}},{"start":{"line":88,"column":57},"end":{"line":88,"column":79}}],"line":88},"14":{"loc":{"start":{"line":93,"column":8},"end":{"line":93,"column":79}},"type":"cond-expr","locations":[{"start":{"line":93,"column":28},"end":{"line":93,"column":54}},{"start":{"line":93,"column":57},"end":{"line":93,"column":79}}],"line":93},"15":{"loc":{"start":{"line":102,"column":2},"end":{"line":141,"column":3}},"type":"switch","locations":[{"start":{"line":103,"column":4},"end":{"line":103,"column":11}},{"start":{"line":104,"column":4},"end":{"line":106,"column":12}},{"start":{"line":107,"column":4},"end":{"line":107,"column":11}},{"start":{"line":108,"column":4},"end":{"line":110,"column":12}},{"start":{"line":111,"column":4},"end":{"line":111,"column":12}},{"start":{"line":112,"column":4},"end":{"line":112,"column":12}},{"start":{"line":113,"column":4},"end":{"line":113,"column":12}},{"start":{"line":114,"column":4},"end":{"line":114,"column":12}},{"start":{"line":115,"column":4},"end":{"line":115,"column":12}},{"start":{"line":116,"column":4},"end":{"line":116,"column":12}},{"start":{"line":117,"column":4},"end":{"line":117,"column":12}},{"start":{"line":118,"column":4},"end":{"line":118,"column":12}},{"start":{"line":119,"column":4},"end":{"line":119,"column":12}},{"start":{"line":120,"column":4},"end":{"line":120,"column":12}},{"start":{"line":121,"column":4},"end":{"line":121,"column":12}},{"start":{"line":122,"column":4},"end":{"line":122,"column":12}},{"start":{"line":123,"column":4},"end":{"line":125,"column":12}},{"start":{"line":126,"column":4},"end":{"line":126,"column":12}},{"start":{"line":127,"column":4},"end":{"line":127,"column":12}},{"start":{"line":128,"column":4},"end":{"line":128,"column":12}},{"start":{"line":129,"column":4},"end":{"line":129,"column":12}},{"start":{"line":130,"column":4},"end":{"line":130,"column":12}},{"start":{"line":131,"column":4},"end":{"line":133,"column":12}},{"start":{"line":134,"column":4},"end":{"line":134,"column":12}},{"start":{"line":135,"column":4},"end":{"line":135,"column":12}},{"start":{"line":136,"column":4},"end":{"line":138,"column":12}},{"start":{"line":139,"column":4},"end":{"line":140,"column":2870}}],"line":102},"16":{"loc":{"start":{"line":157,"column":2},"end":{"line":157,"column":21}},"type":"default-arg","locations":[{"start":{"line":157,"column":16},"end":{"line":157,"column":21}}],"line":157},"17":{"loc":{"start":{"line":160,"column":4},"end":{"line":160,"column":68}},"type":"cond-expr","locations":[{"start":{"line":160,"column":28},"end":{"line":160,"column":39}},{"start":{"line":160,"column":42},"end":{"line":160,"column":68}}],"line":160},"18":{"loc":{"start":{"line":172,"column":17},"end":{"line":172,"column":52}},"type":"cond-expr","locations":[{"start":{"line":172,"column":41},"end":{"line":172,"column":45}},{"start":{"line":172,"column":48},"end":{"line":172,"column":52}}],"line":172},"19":{"loc":{"start":{"line":173,"column":2},"end":{"line":175,"column":3}},"type":"if","locations":[{"start":{"line":173,"column":2},"end":{"line":175,"column":3}},{"start":{},"end":{}}],"line":173},"20":{"loc":{"start":{"line":176,"column":2},"end":{"line":178,"column":3}},"type":"if","locations":[{"start":{"line":176,"column":2},"end":{"line":178,"column":3}},{"start":{},"end":{}}],"line":176},"21":{"loc":{"start":{"line":176,"column":6},"end":{"line":176,"column":39}},"type":"binary-expr","locations":[{"start":{"line":176,"column":6},"end":{"line":176,"column":20}},{"start":{"line":176,"column":24},"end":{"line":176,"column":39}}],"line":176},"22":{"loc":{"start":{"line":179,"column":2},"end":{"line":181,"column":3}},"type":"if","locations":[{"start":{"line":179,"column":2},"end":{"line":181,"column":3}},{"start":{},"end":{}}],"line":179},"23":{"loc":{"start":{"line":179,"column":6},"end":{"line":179,"column":39}},"type":"binary-expr","locations":[{"start":{"line":179,"column":6},"end":{"line":179,"column":20}},{"start":{"line":179,"column":24},"end":{"line":179,"column":39}}],"line":179},"24":{"loc":{"start":{"line":189,"column":2},"end":{"line":195,"column":3}},"type":"if","locations":[{"start":{"line":189,"column":2},"end":{"line":195,"column":3}},{"start":{},"end":{}}],"line":189},"25":{"loc":{"start":{"line":190,"column":4},"end":{"line":192,"column":5}},"type":"if","locations":[{"start":{"line":190,"column":4},"end":{"line":192,"column":5}},{"start":{},"end":{}}],"line":190},"26":{"loc":{"start":{"line":193,"column":27},"end":{"line":193,"column":59}},"type":"cond-expr","locations":[{"start":{"line":193,"column":40},"end":{"line":193,"column":51}},{"start":{"line":193,"column":54},"end":{"line":193,"column":59}}],"line":193},"27":{"loc":{"start":{"line":196,"column":2},"end":{"line":201,"column":3}},"type":"if","locations":[{"start":{"line":196,"column":2},"end":{"line":201,"column":3}},{"start":{},"end":{}}],"line":196},"28":{"loc":{"start":{"line":197,"column":4},"end":{"line":199,"column":5}},"type":"if","locations":[{"start":{"line":197,"column":4},"end":{"line":199,"column":5}},{"start":{},"end":{}}],"line":197},"29":{"loc":{"start":{"line":216,"column":4},"end":{"line":226,"column":5}},"type":"if","locations":[{"start":{"line":216,"column":4},"end":{"line":226,"column":5}},{"start":{},"end":{}}],"line":216},"30":{"loc":{"start":{"line":216,"column":8},"end":{"line":216,"column":75}},"type":"binary-expr","locations":[{"start":{"line":216,"column":8},"end":{"line":216,"column":41}},{"start":{"line":216,"column":45},"end":{"line":216,"column":75}}],"line":216},"31":{"loc":{"start":{"line":262,"column":2},"end":{"line":273,"column":3}},"type":"switch","locations":[{"start":{"line":263,"column":4},"end":{"line":266,"column":12}},{"start":{"line":267,"column":4},"end":{"line":270,"column":12}},{"start":{"line":271,"column":4},"end":{"line":272,"column":13}}],"line":262},"32":{"loc":{"start":{"line":277,"column":2},"end":{"line":288,"column":3}},"type":"switch","locations":[{"start":{"line":278,"column":4},"end":{"line":281,"column":12}},{"start":{"line":282,"column":4},"end":{"line":285,"column":12}},{"start":{"line":286,"column":4},"end":{"line":287,"column":13}}],"line":277},"33":{"loc":{"start":{"line":296,"column":2},"end":{"line":296,"column":15}},"type":"default-arg","locations":[{"start":{"line":296,"column":10},"end":{"line":296,"column":15}}],"line":296},"34":{"loc":{"start":{"line":298,"column":2},"end":{"line":302,"column":3}},"type":"if","locations":[{"start":{"line":298,"column":2},"end":{"line":302,"column":3}},{"start":{"line":300,"column":9},"end":{"line":302,"column":3}}],"line":298},"35":{"loc":{"start":{"line":314,"column":2},"end":{"line":314,"column":16}},"type":"default-arg","locations":[{"start":{"line":314,"column":11},"end":{"line":314,"column":16}}],"line":314},"36":{"loc":{"start":{"line":319,"column":2},"end":{"line":329,"column":3}},"type":"if","locations":[{"start":{"line":319,"column":2},"end":{"line":329,"column":3}},{"start":{"line":327,"column":9},"end":{"line":329,"column":3}}],"line":319},"37":{"loc":{"start":{"line":320,"column":4},"end":{"line":326,"column":5}},"type":"if","locations":[{"start":{"line":320,"column":4},"end":{"line":326,"column":5}},{"start":{"line":323,"column":11},"end":{"line":326,"column":5}}],"line":320}},"s":{"0":1,"1":3,"2":3,"3":0,"4":0,"5":0,"6":1,"7":1,"8":1,"9":0,"10":0,"11":0,"12":0,"13":0,"14":0,"15":0,"16":0,"17":0,"18":0,"19":0,"20":0,"21":0,"22":0,"23":0,"24":0,"25":0,"26":0,"27":0,"28":0,"29":0,"30":0,"31":0,"32":0,"33":0,"34":0,"35":0,"36":0,"37":0,"38":0,"39":0,"40":0,"41":0,"42":2,"43":2,"44":3,"45":1,"46":5,"47":0,"48":0,"49":0,"50":0,"51":0,"52":0,"53":1,"54":1,"55":1,"56":1,"57":3,"58":5,"59":1,"60":1,"61":1,"62":4,"63":4,"64":1,"65":1,"66":0,"67":0,"68":0,"69":0,"70":1,"71":0,"72":0,"73":0,"74":0,"75":0,"76":0,"77":0,"78":0,"79":0,"80":0,"81":1,"82":0,"83":0,"84":0,"85":0,"86":0,"87":0,"88":0,"89":0,"90":0,"91":0,"92":0,"93":1,"94":0,"95":1,"96":0,"97":1,"98":0,"99":0,"100":0,"101":0,"102":0,"103":0,"104":0,"105":0,"106":0,"107":0,"108":0,"109":0,"110":0,"111":0,"112":1,"113":0,"114":0,"115":0,"116":1,"117":0,"118":0,"119":1,"120":0,"121":1,"122":0,"123":0,"124":0,"125":0,"126":0,"127":0,"128":0,"129":0,"130":1,"131":0,"132":0,"133":0,"134":0,"135":0,"136":0,"137":0,"138":0,"139":1,"140":0,"141":0,"142":0,"143":0,"144":0,"145":0,"146":0,"147":0,"148":1,"149":0,"150":0,"151":0,"152":0,"153":0,"154":0,"155":0,"156":0},"f":{"0":3,"1":5,"2":1,"3":4,"4":0,"5":0,"6":0,"7":0,"8":0,"9":0,"10":0,"11":0,"12":0,"13":0,"14":0,"15":0,"16":0,"17":0},"b":{"0":[0,1,0,0,0,0,0,0,0,0,0,0,0,0,0,0,0,0,0,0,0,0,0,0,0,0,2],"1":[0,0],"2":[0,1],"3":[0,0],"4":[0,0],"5":[0,0],"6":[0,0],"7":[0,0],"8":[0,0],"9":[0,0],"10":[0,0],"11":[0,0],"12":[0,0],"13":[0,0],"14":[1,1],"15":[0,0,0,0,0,0,0,0,0,0,0,0,0,0,0,0,0,0,0,0,0,0,1,0,0,1,3],"16":[0],"17":[0,0],"18":[0,0],"19":[0,0],"20":[0,0],"21":[0,0],"22":[0,0],"23":[0,0],"24":[0,0],"25":[0,0],"26":[0,0],"27":[0,0],"28":[0,0],"29":[0,0],"30":[0,0],"31":[0,0,0],"32":[0,0,0],"33":[0],"34":[0,0],"35":[0],"36":[0,0],"37":[0,0]},"_coverageSchema":"1a1c01bbd47fc00a2c39e90264f33305004495a9","hash":"27249cfd4c4436c3d52f5c6687903c44e25ea35c"}
}
