TN:
SF:scripts\helper-functions.script.js
FN:1,(anonymous_0)
FN:99,(anonymous_1)
FN:145,(anonymous_2)
FN:147,(anonymous_3)
FN:154,(anonymous_4)
FN:170,(anonymous_5)
FN:186,(anonymous_6)
FN:204,(anonymous_7)
FN:208,(anonymous_8)
FN:212,(anonymous_9)
FN:238,(anonymous_10)
FN:244,(anonymous_11)
FN:257,(anonymous_12)
FN:261,(anonymous_13)
FN:276,(anonymous_14)
FN:293,(anonymous_15)
FN:306,(anonymous_16)
FN:311,(anonymous_17)
FNF:18
FNH:4
FNDA:3,(anonymous_0)
FNDA:5,(anonymous_1)
FNDA:1,(anonymous_2)
FNDA:4,(anonymous_3)
FNDA:0,(anonymous_4)
FNDA:0,(anonymous_5)
FNDA:0,(anonymous_6)
FNDA:0,(anonymous_7)
FNDA:0,(anonymous_8)
FNDA:0,(anonymous_9)
FNDA:0,(anonymous_10)
FNDA:0,(anonymous_11)
FNDA:0,(anonymous_12)
FNDA:0,(anonymous_13)
FNDA:0,(anonymous_14)
FNDA:0,(anonymous_15)
FNDA:0,(anonymous_16)
FNDA:0,(anonymous_17)
DA:1,1
DA:5,3
DA:10,3
DA:12,0
DA:14,0
DA:15,0
DA:17,1
DA:19,1
DA:20,1
DA:23,0
DA:27,0
DA:28,0
DA:31,0
DA:33,0
DA:34,0
DA:36,0
DA:38,0
DA:39,0
DA:42,0
DA:44,0
DA:45,0
DA:49,0
DA:51,0
DA:52,0
DA:55,0
DA:57,0
DA:58,0
DA:62,0
DA:64,0
DA:65,0
DA:69,0
DA:71,0
DA:72,0
DA:74,0
DA:76,0
DA:77,0
DA:80,0
DA:82,0
DA:83,0
DA:87,0
DA:89,0
DA:90,0
DA:92,2
DA:94,2
DA:96,3
DA:99,1
DA:102,5
DA:105,0
DA:106,0
DA:109,0
DA:110,0
DA:124,0
DA:125,0
DA:132,1
DA:133,1
DA:137,1
DA:138,1
DA:140,3
DA:142,5
DA:145,1
DA:146,1
DA:147,1
DA:148,4
DA:149,4
DA:151,1
DA:154,1
DA:160,0
DA:161,0
DA:164,0
DA:167,0
DA:170,1
DA:171,0
DA:172,0
DA:173,0
DA:174,0
DA:176,0
DA:177,0
DA:179,0
DA:180,0
DA:182,0
DA:183,0
DA:186,1
DA:187,0
DA:188,0
DA:189,0
DA:190,0
DA:191,0
DA:193,0
DA:194,0
DA:196,0
DA:197,0
DA:198,0
DA:200,0
DA:204,1
DA:205,0
DA:208,1
DA:209,0
DA:212,1
DA:213,0
DA:214,0
DA:215,0
DA:216,0
DA:217,0
DA:224,0
DA:225,0
DA:228,0
DA:229,0
DA:232,0
DA:233,0
DA:235,0
DA:238,1
DA:239,0
DA:240,0
DA:241,0
DA:244,1
DA:249,0
DA:254,0
DA:257,1
DA:258,0
DA:261,1
DA:262,0
DA:264,0
DA:265,0
DA:266,0
DA:268,0
DA:269,0
DA:270,0
DA:272,0
DA:276,1
DA:277,0
DA:279,0
DA:280,0
DA:281,0
DA:283,0
DA:284,0
DA:285,0
DA:287,0
DA:293,1
DA:298,0
DA:299,0
DA:301,0
DA:303,0
DA:304,0
DA:305,0
DA:306,0
DA:307,0
DA:311,1
DA:316,0
DA:319,0
DA:320,0
DA:321,0
DA:322,0
DA:324,0
DA:325,0
DA:328,0
LF:155
LH:36
BRDA:10,0,0,0
BRDA:10,0,1,1
BRDA:10,0,2,0
BRDA:10,0,3,0
BRDA:10,0,4,0
BRDA:10,0,5,0
BRDA:10,0,6,0
BRDA:10,0,7,0
BRDA:10,0,8,0
BRDA:10,0,9,0
BRDA:10,0,10,0
BRDA:10,0,11,0
BRDA:10,0,12,0
BRDA:10,0,13,0
BRDA:10,0,14,0
BRDA:10,0,15,0
BRDA:10,0,16,0
BRDA:10,0,17,0
BRDA:10,0,18,0
BRDA:10,0,19,0
BRDA:10,0,20,0
BRDA:10,0,21,0
BRDA:10,0,22,0
BRDA:10,0,23,0
BRDA:10,0,24,0
BRDA:10,0,25,0
BRDA:10,0,26,2
BRDA:13,1,0,0
BRDA:13,1,1,0
BRDA:18,2,0,0
BRDA:18,2,1,1
BRDA:24,3,0,0
BRDA:24,3,1,0
BRDA:32,4,0,0
BRDA:32,4,1,0
BRDA:37,5,0,0
BRDA:37,5,1,0
BRDA:43,6,0,0
BRDA:43,6,1,0
BRDA:50,7,0,0
BRDA:50,7,1,0
BRDA:56,8,0,0
BRDA:56,8,1,0
BRDA:63,9,0,0
BRDA:63,9,1,0
BRDA:70,10,0,0
BRDA:70,10,1,0
BRDA:75,11,0,0
BRDA:75,11,1,0
BRDA:81,12,0,0
BRDA:81,12,1,0
BRDA:88,13,0,0
BRDA:88,13,1,0
BRDA:93,14,0,1
BRDA:93,14,1,1
BRDA:102,15,0,0
BRDA:102,15,1,0
BRDA:102,15,2,0
BRDA:102,15,3,0
BRDA:102,15,4,0
BRDA:102,15,5,0
BRDA:102,15,6,0
BRDA:102,15,7,0
BRDA:102,15,8,0
BRDA:102,15,9,0
BRDA:102,15,10,0
BRDA:102,15,11,0
BRDA:102,15,12,0
BRDA:102,15,13,0
BRDA:102,15,14,0
BRDA:102,15,15,0
BRDA:102,15,16,0
BRDA:102,15,17,0
BRDA:102,15,18,0
BRDA:102,15,19,0
BRDA:102,15,20,0
BRDA:102,15,21,0
BRDA:102,15,22,1
BRDA:102,15,23,0
BRDA:102,15,24,0
BRDA:102,15,25,1
BRDA:102,15,26,3
BRDA:157,16,0,0
BRDA:160,17,0,0
BRDA:160,17,1,0
BRDA:172,18,0,0
BRDA:172,18,1,0
BRDA:173,19,0,0
BRDA:173,19,1,0
BRDA:176,20,0,0
BRDA:176,20,1,0
BRDA:176,21,0,0
BRDA:176,21,1,0
BRDA:179,22,0,0
BRDA:179,22,1,0
BRDA:179,23,0,0
BRDA:179,23,1,0
BRDA:189,24,0,0
BRDA:189,24,1,0
BRDA:190,25,0,0
BRDA:190,25,1,0
BRDA:193,26,0,0
BRDA:193,26,1,0
BRDA:196,27,0,0
BRDA:196,27,1,0
BRDA:197,28,0,0
BRDA:197,28,1,0
BRDA:216,29,0,0
BRDA:216,29,1,0
BRDA:216,30,0,0
BRDA:216,30,1,0
BRDA:262,31,0,0
BRDA:262,31,1,0
BRDA:262,31,2,0
BRDA:277,32,0,0
BRDA:277,32,1,0
BRDA:277,32,2,0
BRDA:296,33,0,0
BRDA:298,34,0,0
BRDA:298,34,1,0
BRDA:314,35,0,0
BRDA:319,36,0,0
BRDA:319,36,1,0
BRDA:320,37,0,0
BRDA:320,37,1,0
BRF:125
BRH:8
end_of_record
